[ 2019-06-04 01:28:16 Текст ошибки: Страница не найдена. Файл: /opt/lampp/htdocs/site/lv.com/public/index.php. Строка: 7 
-----------------------
][ 2019-06-04 01:37:08 Текст ошибки: Страница не найдена. Файл: /opt/lampp/htdocs/site/lv.com/public/index.php. Строка: 7 
-----------------------
][ 2019-06-04 01:37:34 Текст ошибки: Страница не найдена. Файл: /opt/lampp/htdocs/site/lv.com/public/index.php. Строка: 7 
-----------------------
][ 2019-06-04 01:37:43 Текст ошибки: Страница не найдена. Файл: /opt/lampp/htdocs/site/lv.com/public/index.php. Строка: 7 
-----------------------
][ 2019-06-04 01:37:57 Текст ошибки: Страница не найдена. Файл: /opt/lampp/htdocs/site/lv.com/public/index.php. Строка: 7 
-----------------------
][ 2019-06-04 01:37:57 Текст ошибки: Страница не найдена. Файл: /opt/lampp/htdocs/site/lv.com/public/index.php. Строка: 7 
-----------------------
][ 2019-06-04 01:37:59 Текст ошибки: Страница не найдена. Файл: /opt/lampp/htdocs/site/lv.com/public/index.php. Строка: 7 
-----------------------
][ 2019-06-04 01:38:41 Текст ошибки: Страница не найдена. Файл: /opt/lampp/htdocs/site/lv.com/public/index.php. Строка: 7 
-----------------------
][ 2019-06-04 01:38:46 Текст ошибки: Страница не найдена. Файл: /opt/lampp/htdocs/site/lv.com/public/index.php. Строка: 7 
-----------------------
][ 2019-06-04 01:39:15 Текст ошибки: Страница не найдена. Файл: /opt/lampp/htdocs/site/lv.com/public/index.php. Строка: 7 
-----------------------
][ 2019-06-04 01:39:38 Текст ошибки: Страница не найдена. Файл: /opt/lampp/htdocs/site/lv.com/public/index.php. Строка: 7 
-----------------------
][ 2019-06-04 01:40:46 Текст ошибки: Страница не найдена. Файл: /opt/lampp/htdocs/site/lv.com/public/index.php. Строка: 7 
-----------------------
][ 2019-06-04 01:40:48 Текст ошибки: Страница не найдена. Файл: /opt/lampp/htdocs/site/lv.com/public/index.php. Строка: 7 
-----------------------
][ 2019-06-04 01:40:56 Текст ошибки: Страница не найдена. Файл: /opt/lampp/htdocs/site/lv.com/public/index.php. Строка: 7 
-----------------------
][ 2019-06-04 01:41:19 Текст ошибки: Страница не найдена. Файл: /opt/lampp/htdocs/site/lv.com/public/index.php. Строка: 7 
-----------------------
][ 2019-06-09 00:49:26 Текст ошибки: Страница не найдена. Файл: /opt/lampp/htdocs/site/lv.com/public/index.php. Строка: 7 
-----------------------
][ 2019-06-09 00:49:31 Текст ошибки: Страница не найдена. Файл: /opt/lampp/htdocs/site/lv.com/public/index.php. Строка: 7 
-----------------------
][ 2019-06-09 00:49:32 Текст ошибки: Страница не найдена. Файл: /opt/lampp/htdocs/site/lv.com/public/index.php. Строка: 7 
-----------------------
][ 2019-06-09 00:49:33 Текст ошибки: Страница не найдена. Файл: /opt/lampp/htdocs/site/lv.com/public/index.php. Строка: 7 
-----------------------
][ 2019-06-09 00:49:33 Текст ошибки: Страница не найдена. Файл: /opt/lampp/htdocs/site/lv.com/public/index.php. Строка: 7 
-----------------------
][ 2019-06-09 01:02:11 Текст ошибки: Страница не найдена. Файл: /opt/lampp/htdocs/site/lv.com/public/index.php. Строка: 7 
-----------------------
][ 2019-06-09 01:03:25 Текст ошибки: Страница не найдена. Файл: /opt/lampp/htdocs/site/lv.com/public/index.php. Строка: 7 
-----------------------
][ 2019-06-09 01:03:25 Текст ошибки: Страница не найдена. Файл: /opt/lampp/htdocs/site/lv.com/public/index.php. Строка: 7 
-----------------------
][ 2019-06-09 01:03:26 Текст ошибки: Страница не найдена. Файл: /opt/lampp/htdocs/site/lv.com/public/index.php. Строка: 7 
-----------------------
][ 2019-06-09 01:03:26 Текст ошибки: Страница не найдена. Файл: /opt/lampp/htdocs/site/lv.com/public/index.php. Строка: 7 
-----------------------
][ 2019-06-09 01:03:40 Текст ошибки: Страница не найдена. Файл: /opt/lampp/htdocs/site/lv.com/public/index.php. Строка: 7 
-----------------------
][ 2019-06-09 01:03:40 Текст ошибки: Страница не найдена. Файл: /opt/lampp/htdocs/site/lv.com/public/index.php. Строка: 7 
-----------------------
][ 2019-06-09 01:04:13 Текст ошибки: Страница не найдена. Файл: /opt/lampp/htdocs/site/lv.com/public/index.php. Строка: 7 
-----------------------
][ 2019-06-09 01:04:23 Текст ошибки: Страница не найдена. Файл: /opt/lampp/htdocs/site/lv.com/public/index.php. Строка: 7 
-----------------------
][ 2019-06-09 01:04:23 Текст ошибки: Страница не найдена. Файл: /opt/lampp/htdocs/site/lv.com/public/index.php. Строка: 7 
-----------------------
][ 2019-06-09 01:04:30 Текст ошибки: Страница не найдена. Файл: /opt/lampp/htdocs/site/lv.com/public/index.php. Строка: 7 
-----------------------
][ 2019-06-09 01:04:30 Текст ошибки: Страница не найдена. Файл: /opt/lampp/htdocs/site/lv.com/public/index.php. Строка: 7 
-----------------------
][ 2019-06-09 01:07:59 Текст ошибки: Страница не найдена. Файл: /opt/lampp/htdocs/site/lv.com/public/index.php. Строка: 7 
-----------------------
][ 2019-06-09 01:09:05 Текст ошибки: Страница не найдена. Файл: /opt/lampp/htdocs/site/lv.com/public/index.php. Строка: 7 
-----------------------
][ 2019-06-09 01:09:17 Текст ошибки: Страница не найдена. Файл: /opt/lampp/htdocs/site/lv.com/public/index.php. Строка: 7 
-----------------------
][ 2019-06-09 01:09:24 Текст ошибки: Страница не найдена. Файл: /opt/lampp/htdocs/site/lv.com/public/index.php. Строка: 7 
-----------------------
][ 2019-06-09 01:10:58 Текст ошибки: Страница не найдена. Файл: /opt/lampp/htdocs/site/lv.com/public/index.php. Строка: 7 
-----------------------
][ 2019-06-09 01:11:49 Текст ошибки: Страница не найдена. Файл: /opt/lampp/htdocs/site/lv.com/public/index.php. Строка: 7 
-----------------------
][ 2019-06-09 01:12:38 Текст ошибки: Страница не найдена. Файл: /opt/lampp/htdocs/site/lv.com/public/index.php. Строка: 7 
-----------------------
][ 2019-06-09 01:14:42 Текст ошибки: Страница не найдена. Файл: /opt/lampp/htdocs/site/lv.com/public/index.php. Строка: 7 
-----------------------
][ 2019-06-09 01:17:43 Текст ошибки: Страница не найдена. Файл: /opt/lampp/htdocs/site/lv.com/public/index.php. Строка: 7 
-----------------------
][ 2019-06-09 01:19:15 Текст ошибки: Страница не найдена. Файл: /opt/lampp/htdocs/site/lv.com/public/index.php. Строка: 7 
-----------------------
][ 2019-06-09 01:20:24 Текст ошибки: Страница не найдена. Файл: /opt/lampp/htdocs/site/lv.com/public/index.php. Строка: 7 
-----------------------
][ 2019-06-09 01:20:40 Текст ошибки: Страница не найдена. Файл: /opt/lampp/htdocs/site/lv.com/public/index.php. Строка: 7 
-----------------------
][ 2019-06-09 01:21:01 Текст ошибки: Страница не найдена. Файл: /opt/lampp/htdocs/site/lv.com/public/index.php. Строка: 7 
-----------------------
][ 2019-06-09 01:21:39 Текст ошибки: Страница не найдена. Файл: /opt/lampp/htdocs/site/lv.com/public/index.php. Строка: 7 
-----------------------
][ 2019-06-09 01:22:52 Текст ошибки: Страница не найдена. Файл: /opt/lampp/htdocs/site/lv.com/public/index.php. Строка: 7 
-----------------------
][ 2019-06-09 01:24:46 Текст ошибки: Страница не найдена. Файл: /opt/lampp/htdocs/site/lv.com/public/index.php. Строка: 7 
-----------------------
][ 2019-06-09 01:24:54 Текст ошибки: Страница не найдена. Файл: /opt/lampp/htdocs/site/lv.com/public/index.php. Строка: 7 
-----------------------
][ 2019-06-09 01:24:55 Текст ошибки: Страница не найдена. Файл: /opt/lampp/htdocs/site/lv.com/public/index.php. Строка: 7 
-----------------------
][ 2019-06-09 01:25:01 Текст ошибки: Страница не найдена. Файл: /opt/lampp/htdocs/site/lv.com/public/index.php. Строка: 7 
-----------------------
][ 2019-06-09 01:25:02 Текст ошибки: Страница не найдена. Файл: /opt/lampp/htdocs/site/lv.com/public/index.php. Строка: 7 
-----------------------
][ 2019-06-09 01:25:08 Текст ошибки: Страница не найдена. Файл: /opt/lampp/htdocs/site/lv.com/public/index.php. Строка: 7 
-----------------------
][ 2019-06-09 01:25:09 Текст ошибки: Страница не найдена. Файл: /opt/lampp/htdocs/site/lv.com/public/index.php. Строка: 7 
-----------------------
][ 2019-06-09 01:25:14 Текст ошибки: Страница не найдена. Файл: /opt/lampp/htdocs/site/lv.com/public/index.php. Строка: 7 
-----------------------
][ 2019-06-09 01:25:29 Текст ошибки: Страница не найдена. Файл: /opt/lampp/htdocs/site/lv.com/public/index.php. Строка: 7 
-----------------------
][ 2019-06-09 01:25:42 Текст ошибки: Страница не найдена. Файл: /opt/lampp/htdocs/site/lv.com/public/index.php. Строка: 7 
-----------------------
][ 2019-06-09 01:25:50 Текст ошибки: Страница не найдена. Файл: /opt/lampp/htdocs/site/lv.com/public/index.php. Строка: 7 
-----------------------
][ 2019-06-09 01:26:05 Текст ошибки: Страница не найдена. Файл: /opt/lampp/htdocs/site/lv.com/public/index.php. Строка: 7 
-----------------------
][ 2019-06-09 01:26:07 Текст ошибки: Страница не найдена. Файл: /opt/lampp/htdocs/site/lv.com/public/index.php. Строка: 7 
-----------------------
][ 2019-06-09 01:26:20 Текст ошибки: Страница не найдена. Файл: /opt/lampp/htdocs/site/lv.com/public/index.php. Строка: 7 
-----------------------
][ 2019-06-09 01:27:57 Текст ошибки: Страница не найдена. Файл: /opt/lampp/htdocs/site/lv.com/public/index.php. Строка: 7 
-----------------------
][ 2019-06-09 01:28:21 Текст ошибки: Страница не найдена. Файл: /opt/lampp/htdocs/site/lv.com/public/index.php. Строка: 7 
-----------------------
][ 2019-06-09 01:28:29 Текст ошибки: Страница не найдена. Файл: /opt/lampp/htdocs/site/lv.com/public/index.php. Строка: 7 
-----------------------
][ 2019-06-09 01:28:46 Текст ошибки: Страница не найдена. Файл: /opt/lampp/htdocs/site/lv.com/public/index.php. Строка: 7 
-----------------------
][ 2019-06-09 01:30:46 Текст ошибки: Страница не найдена. Файл: /opt/lampp/htdocs/site/lv.com/public/index.php. Строка: 7 
-----------------------
][ 2019-06-09 01:31:18 Текст ошибки: Страница не найдена. Файл: /opt/lampp/htdocs/site/lv.com/public/index.php. Строка: 7 
-----------------------
][ 2019-06-09 01:31:41 Текст ошибки: Страница не найдена. Файл: /opt/lampp/htdocs/site/lv.com/public/index.php. Строка: 7 
-----------------------
][ 2019-06-09 01:32:12 Текст ошибки: Страница не найдена. Файл: /opt/lampp/htdocs/site/lv.com/public/index.php. Строка: 7 
-----------------------
][ 2019-06-09 01:32:14 Текст ошибки: Страница не найдена. Файл: /opt/lampp/htdocs/site/lv.com/public/index.php. Строка: 7 
-----------------------
][ 2019-06-09 01:32:22 Текст ошибки: Страница не найдена. Файл: /opt/lampp/htdocs/site/lv.com/public/index.php. Строка: 7 
-----------------------
][ 2019-06-09 01:32:23 Текст ошибки: Страница не найдена. Файл: /opt/lampp/htdocs/site/lv.com/public/index.php. Строка: 7 
-----------------------
][ 2019-06-09 01:32:30 Текст ошибки: Страница не найдена. Файл: /opt/lampp/htdocs/site/lv.com/public/index.php. Строка: 7 
-----------------------
][ 2019-06-09 01:39:59 Текст ошибки: Страница не найдена. Файл: /opt/lampp/htdocs/site/lv.com/public/index.php. Строка: 7 
-----------------------
][ 2019-06-09 01:40:20 Текст ошибки: Страница не найдена. Файл: /opt/lampp/htdocs/site/lv.com/public/index.php. Строка: 7 
-----------------------
][ 2019-06-09 01:40:22 Текст ошибки: Страница не найдена. Файл: /opt/lampp/htdocs/site/lv.com/public/index.php. Строка: 7 
-----------------------
][ 2019-06-09 01:40:26 Текст ошибки: Страница не найдена. Файл: /opt/lampp/htdocs/site/lv.com/public/index.php. Строка: 7 
-----------------------
][ 2019-06-09 01:40:27 Текст ошибки: Страница не найдена. Файл: /opt/lampp/htdocs/site/lv.com/public/index.php. Строка: 7 
-----------------------
][ 2019-06-09 01:40:49 Текст ошибки: Страница не найдена. Файл: /opt/lampp/htdocs/site/lv.com/public/index.php. Строка: 7 
-----------------------
][ 2019-06-09 01:40:50 Текст ошибки: Страница не найдена. Файл: /opt/lampp/htdocs/site/lv.com/public/index.php. Строка: 7 
-----------------------
][ 2019-06-09 01:40:52 Текст ошибки: Страница не найдена. Файл: /opt/lampp/htdocs/site/lv.com/public/index.php. Строка: 7 
-----------------------
][ 2019-06-09 01:40:52 Текст ошибки: Страница не найдена. Файл: /opt/lampp/htdocs/site/lv.com/public/index.php. Строка: 7 
-----------------------
][ 2019-06-09 01:40:53 Текст ошибки: Страница не найдена. Файл: /opt/lampp/htdocs/site/lv.com/public/index.php. Строка: 7 
-----------------------
][ 2019-06-09 01:40:54 Текст ошибки: Страница не найдена. Файл: /opt/lampp/htdocs/site/lv.com/public/index.php. Строка: 7 
-----------------------
][ 2019-06-09 01:40:55 Текст ошибки: Страница не найдена. Файл: /opt/lampp/htdocs/site/lv.com/public/index.php. Строка: 7 
-----------------------
][ 2019-06-09 01:40:56 Текст ошибки: Страница не найдена. Файл: /opt/lampp/htdocs/site/lv.com/public/index.php. Строка: 7 
-----------------------
][ 2019-06-09 01:40:59 Текст ошибки: Страница не найдена. Файл: /opt/lampp/htdocs/site/lv.com/public/index.php. Строка: 7 
-----------------------
][ 2019-06-09 01:41:43 Текст ошибки: Страница не найдена. Файл: /opt/lampp/htdocs/site/lv.com/public/index.php. Строка: 7 
-----------------------
][ 2019-06-09 01:41:51 Текст ошибки: Страница не найдена. Файл: /opt/lampp/htdocs/site/lv.com/public/index.php. Строка: 7 
-----------------------
][ 2019-06-09 01:57:04 Текст ошибки: Страница не найдена. Файл: /opt/lampp/htdocs/site/lv.com/public/index.php. Строка: 7 
-----------------------
][ 2019-06-09 01:57:07 Текст ошибки: Страница не найдена. Файл: /opt/lampp/htdocs/site/lv.com/public/index.php. Строка: 7 
-----------------------
][ 2019-06-09 01:57:08 Текст ошибки: Страница не найдена. Файл: /opt/lampp/htdocs/site/lv.com/public/index.php. Строка: 7 
-----------------------
][ 2019-06-09 01:57:09 Текст ошибки: Страница не найдена. Файл: /opt/lampp/htdocs/site/lv.com/public/index.php. Строка: 7 
-----------------------
][ 2019-06-09 01:57:21 Текст ошибки: Страница не найдена. Файл: /opt/lampp/htdocs/site/lv.com/public/index.php. Строка: 7 
-----------------------
][ 2019-06-09 01:57:21 Текст ошибки: Страница не найдена. Файл: /opt/lampp/htdocs/site/lv.com/public/index.php. Строка: 7 
-----------------------
][ 2019-06-09 01:57:35 Текст ошибки: Страница не найдена. Файл: /opt/lampp/htdocs/site/lv.com/public/index.php. Строка: 7 
-----------------------
][ 2019-06-09 02:01:07 Текст ошибки: Страница не найдена. Файл: /opt/lampp/htdocs/site/lv.com/public/index.php. Строка: 7 
-----------------------
][ 2019-06-09 02:01:09 Текст ошибки: Страница не найдена. Файл: /opt/lampp/htdocs/site/lv.com/public/index.php. Строка: 7 
-----------------------
][ 2019-06-09 02:01:10 Текст ошибки: Страница не найдена. Файл: /opt/lampp/htdocs/site/lv.com/public/index.php. Строка: 7 
-----------------------
][ 2019-06-09 02:01:11 Текст ошибки: Страница не найдена. Файл: /opt/lampp/htdocs/site/lv.com/public/index.php. Строка: 7 
-----------------------
][ 2019-06-09 02:01:12 Текст ошибки: Страница не найдена. Файл: /opt/lampp/htdocs/site/lv.com/public/index.php. Строка: 7 
-----------------------
][ 2019-06-09 02:01:12 Текст ошибки: Страница не найдена. Файл: /opt/lampp/htdocs/site/lv.com/public/index.php. Строка: 7 
-----------------------
][ 2019-06-09 02:01:13 Текст ошибки: Страница не найдена. Файл: /opt/lampp/htdocs/site/lv.com/public/index.php. Строка: 7 
-----------------------
][ 2019-06-09 02:01:15 Текст ошибки: Страница не найдена. Файл: /opt/lampp/htdocs/site/lv.com/public/index.php. Строка: 7 
-----------------------
][ 2019-06-09 02:01:15 Текст ошибки: Страница не найдена. Файл: /opt/lampp/htdocs/site/lv.com/public/index.php. Строка: 7 
-----------------------
][ 2019-06-09 02:01:16 Текст ошибки: Страница не найдена. Файл: /opt/lampp/htdocs/site/lv.com/public/index.php. Строка: 7 
-----------------------
][ 2019-06-09 02:01:16 Текст ошибки: Страница не найдена. Файл: /opt/lampp/htdocs/site/lv.com/public/index.php. Строка: 7 
-----------------------
][ 2019-06-09 02:01:17 Текст ошибки: Страница не найдена. Файл: /opt/lampp/htdocs/site/lv.com/public/index.php. Строка: 7 
-----------------------
][ 2019-06-09 02:01:18 Текст ошибки: Страница не найдена. Файл: /opt/lampp/htdocs/site/lv.com/public/index.php. Строка: 7 
-----------------------
][ 2019-06-09 02:01:18 Текст ошибки: Страница не найдена. Файл: /opt/lampp/htdocs/site/lv.com/public/index.php. Строка: 7 
-----------------------
][ 2019-06-09 02:01:19 Текст ошибки: Страница не найдена. Файл: /opt/lampp/htdocs/site/lv.com/public/index.php. Строка: 7 
-----------------------
][ 2019-06-09 02:01:19 Текст ошибки: Страница не найдена. Файл: /opt/lampp/htdocs/site/lv.com/public/index.php. Строка: 7 
-----------------------
][ 2019-06-09 02:01:20 Текст ошибки: Страница не найдена. Файл: /opt/lampp/htdocs/site/lv.com/public/index.php. Строка: 7 
-----------------------
][ 2019-06-09 02:01:21 Текст ошибки: Страница не найдена. Файл: /opt/lampp/htdocs/site/lv.com/public/index.php. Строка: 7 
-----------------------
][ 2019-06-09 02:02:55 Текст ошибки: Страница не найдена. Файл: /opt/lampp/htdocs/site/lv.com/public/index.php. Строка: 7 
-----------------------
][ 2019-06-09 02:03:08 Текст ошибки: Страница не найдена. Файл: /opt/lampp/htdocs/site/lv.com/public/index.php. Строка: 7 
-----------------------
][ 2019-06-09 02:03:28 Текст ошибки: Страница не найдена. Файл: /opt/lampp/htdocs/site/lv.com/public/index.php. Строка: 7 
-----------------------
][ 2019-06-09 02:04:35 Текст ошибки: Страница не найдена. Файл: /opt/lampp/htdocs/site/lv.com/public/index.php. Строка: 7 
-----------------------
][ 2019-06-09 02:04:44 Текст ошибки: Страница не найдена. Файл: /opt/lampp/htdocs/site/lv.com/public/index.php. Строка: 7 
-----------------------
][ 2019-06-09 02:04:45 Текст ошибки: Страница не найдена. Файл: /opt/lampp/htdocs/site/lv.com/public/index.php. Строка: 7 
-----------------------
][ 2019-06-09 02:05:14 Текст ошибки: Страница не найдена. Файл: /opt/lampp/htdocs/site/lv.com/public/index.php. Строка: 7 
-----------------------
][ 2019-06-09 02:05:26 Текст ошибки: Страница не найдена. Файл: /opt/lampp/htdocs/site/lv.com/public/index.php. Строка: 7 
-----------------------
][ 2019-06-09 02:05:27 Текст ошибки: Страница не найдена. Файл: /opt/lampp/htdocs/site/lv.com/public/index.php. Строка: 7 
-----------------------
][ 2019-06-09 02:05:28 Текст ошибки: Страница не найдена. Файл: /opt/lampp/htdocs/site/lv.com/public/index.php. Строка: 7 
-----------------------
][ 2019-06-09 02:05:29 Текст ошибки: Страница не найдена. Файл: /opt/lampp/htdocs/site/lv.com/public/index.php. Строка: 7 
-----------------------
][ 2019-06-09 02:05:29 Текст ошибки: Страница не найдена. Файл: /opt/lampp/htdocs/site/lv.com/public/index.php. Строка: 7 
-----------------------
][ 2019-06-09 02:05:29 Текст ошибки: Страница не найдена. Файл: /opt/lampp/htdocs/site/lv.com/public/index.php. Строка: 7 
-----------------------
][ 2019-06-09 02:05:29 Текст ошибки: Страница не найдена. Файл: /opt/lampp/htdocs/site/lv.com/public/index.php. Строка: 7 
-----------------------
][ 2019-06-09 02:05:29 Текст ошибки: Страница не найдена. Файл: /opt/lampp/htdocs/site/lv.com/public/index.php. Строка: 7 
-----------------------
][ 2019-06-09 02:05:30 Текст ошибки: Страница не найдена. Файл: /opt/lampp/htdocs/site/lv.com/public/index.php. Строка: 7 
-----------------------
][ 2019-06-09 02:05:34 Текст ошибки: Страница не найдена. Файл: /opt/lampp/htdocs/site/lv.com/public/index.php. Строка: 7 
-----------------------
][ 2019-06-09 02:05:56 Текст ошибки: Страница не найдена. Файл: /opt/lampp/htdocs/site/lv.com/public/index.php. Строка: 7 
-----------------------
][ 2019-06-09 02:06:06 Текст ошибки: Страница не найдена. Файл: /opt/lampp/htdocs/site/lv.com/public/index.php. Строка: 7 
-----------------------
][ 2019-06-09 02:06:57 Текст ошибки: Страница не найдена. Файл: /opt/lampp/htdocs/site/lv.com/public/index.php. Строка: 7 
-----------------------
][ 2019-06-09 02:07:19 Текст ошибки: Страница не найдена. Файл: /opt/lampp/htdocs/site/lv.com/public/index.php. Строка: 7 
-----------------------
][ 2019-06-09 02:07:21 Текст ошибки: Страница не найдена. Файл: /opt/lampp/htdocs/site/lv.com/public/index.php. Строка: 7 
-----------------------
][ 2019-06-09 02:08:30 Текст ошибки: Страница не найдена. Файл: /opt/lampp/htdocs/site/lv.com/public/index.php. Строка: 7 
-----------------------
][ 2019-06-09 02:10:30 Текст ошибки: Страница не найдена. Файл: /opt/lampp/htdocs/site/lv.com/public/index.php. Строка: 7 
-----------------------
][ 2019-06-09 02:11:01 Текст ошибки: Страница не найдена. Файл: /opt/lampp/htdocs/site/lv.com/public/index.php. Строка: 7 
-----------------------
][ 2019-06-09 02:11:28 Текст ошибки: Страница не найдена. Файл: /opt/lampp/htdocs/site/lv.com/public/index.php. Строка: 7 
-----------------------
][ 2019-06-09 02:11:33 Текст ошибки: Страница не найдена. Файл: /opt/lampp/htdocs/site/lv.com/public/index.php. Строка: 7 
-----------------------
][ 2019-06-09 02:13:11 Текст ошибки: Страница не найдена. Файл: /opt/lampp/htdocs/site/lv.com/public/index.php. Строка: 7 
-----------------------
][ 2019-06-09 02:13:12 Текст ошибки: Страница не найдена. Файл: /opt/lampp/htdocs/site/lv.com/public/index.php. Строка: 7 
-----------------------
][ 2019-06-09 02:13:15 Текст ошибки: Страница не найдена. Файл: /opt/lampp/htdocs/site/lv.com/public/index.php. Строка: 7 
-----------------------
][ 2019-06-09 02:14:51 Текст ошибки: Страница не найдена. Файл: /opt/lampp/htdocs/site/lv.com/public/index.php. Строка: 7 
-----------------------
][ 2019-06-09 02:21:39 Текст ошибки: Страница не найдена. Файл: /opt/lampp/htdocs/site/lv.com/public/index.php. Строка: 7 
-----------------------
][ 2019-06-09 02:21:53 Текст ошибки: Страница не найдена. Файл: /opt/lampp/htdocs/site/lv.com/public/index.php. Строка: 7 
-----------------------
][ 2019-06-09 02:22:02 Текст ошибки: Страница не найдена. Файл: /opt/lampp/htdocs/site/lv.com/public/index.php. Строка: 7 
-----------------------
][ 2019-06-09 02:22:06 Текст ошибки: Страница не найдена. Файл: /opt/lampp/htdocs/site/lv.com/public/index.php. Строка: 7 
-----------------------
][ 2019-06-09 02:22:07 Текст ошибки: Страница не найдена. Файл: /opt/lampp/htdocs/site/lv.com/public/index.php. Строка: 7 
-----------------------
][ 2019-06-09 02:22:07 Текст ошибки: Страница не найдена. Файл: /opt/lampp/htdocs/site/lv.com/public/index.php. Строка: 7 
-----------------------
][ 2019-06-09 02:22:11 Текст ошибки: Страница не найдена. Файл: /opt/lampp/htdocs/site/lv.com/public/index.php. Строка: 7 
-----------------------
][ 2019-06-09 02:22:15 Текст ошибки: Страница не найдена. Файл: /opt/lampp/htdocs/site/lv.com/public/index.php. Строка: 7 
-----------------------
][ 2019-06-09 02:25:28 Текст ошибки: Страница не найдена. Файл: /opt/lampp/htdocs/site/lv.com/public/index.php. Строка: 7 
-----------------------
][ 2019-06-09 02:28:49 Текст ошибки: Страница не найдена. Файл: /opt/lampp/htdocs/site/lv.com/public/index.php. Строка: 7 
-----------------------
][ 2019-06-09 02:30:11 Текст ошибки: Страница не найдена. Файл: /opt/lampp/htdocs/site/lv.com/public/index.php. Строка: 7 
-----------------------
][ 2019-06-09 02:30:58 Текст ошибки: Страница не найдена. Файл: /opt/lampp/htdocs/site/lv.com/public/index.php. Строка: 7 
-----------------------
][ 2019-06-09 02:30:59 Текст ошибки: Страница не найдена. Файл: /opt/lampp/htdocs/site/lv.com/public/index.php. Строка: 7 
-----------------------
][ 2019-06-09 02:30:59 Текст ошибки: Страница не найдена. Файл: /opt/lampp/htdocs/site/lv.com/public/index.php. Строка: 7 
-----------------------
][ 2019-06-09 02:30:59 Текст ошибки: Страница не найдена. Файл: /opt/lampp/htdocs/site/lv.com/public/index.php. Строка: 7 
-----------------------
][ 2019-06-09 02:31:03 Текст ошибки: Страница не найдена. Файл: /opt/lampp/htdocs/site/lv.com/public/index.php. Строка: 7 
-----------------------
][ 2019-06-09 02:31:03 Текст ошибки: Страница не найдена. Файл: /opt/lampp/htdocs/site/lv.com/public/index.php. Строка: 7 
-----------------------
][ 2019-06-09 02:31:04 Текст ошибки: Страница не найдена. Файл: /opt/lampp/htdocs/site/lv.com/public/index.php. Строка: 7 
-----------------------
][ 2019-06-09 02:31:31 Текст ошибки: Страница не найдена. Файл: /opt/lampp/htdocs/site/lv.com/public/index.php. Строка: 7 
-----------------------
][ 2019-06-09 02:31:40 Текст ошибки: Страница не найдена. Файл: /opt/lampp/htdocs/site/lv.com/public/index.php. Строка: 7 
-----------------------
][ 2019-06-09 02:32:52 Текст ошибки: Страница не найдена. Файл: /opt/lampp/htdocs/site/lv.com/public/index.php. Строка: 7 
-----------------------
][ 2019-06-09 02:33:06 Текст ошибки: Страница не найдена. Файл: /opt/lampp/htdocs/site/lv.com/public/index.php. Строка: 7 
-----------------------
][ 2019-06-09 02:35:01 Текст ошибки: Страница не найдена. Файл: /opt/lampp/htdocs/site/lv.com/public/index.php. Строка: 7 
-----------------------
][ 2019-06-09 02:35:57 Текст ошибки: Страница не найдена. Файл: /opt/lampp/htdocs/site/lv.com/public/index.php. Строка: 7 
-----------------------
][ 2019-06-09 02:36:57 Текст ошибки: Страница не найдена. Файл: /opt/lampp/htdocs/site/lv.com/public/index.php. Строка: 7 
-----------------------
][ 2019-06-09 02:37:14 Текст ошибки: Страница не найдена. Файл: /opt/lampp/htdocs/site/lv.com/public/index.php. Строка: 7 
-----------------------
][ 2019-06-09 02:38:39 Текст ошибки: Страница не найдена. Файл: /opt/lampp/htdocs/site/lv.com/public/index.php. Строка: 7 
-----------------------
][ 2019-06-09 02:40:03 Текст ошибки: Страница не найдена. Файл: /opt/lampp/htdocs/site/lv.com/public/index.php. Строка: 7 
-----------------------
][ 2019-06-09 02:40:45 Текст ошибки: Страница не найдена. Файл: /opt/lampp/htdocs/site/lv.com/public/index.php. Строка: 7 
-----------------------
][ 2019-06-10 16:57:22 Текст ошибки: Страница не найдена. Файл: /opt/lampp/htdocs/site/lv.com/public/index.php. Строка: 7 
-----------------------
][ 2019-06-10 17:59:39 Текст ошибки: Call to undefined function PHPSTORM_META\type(). Файл: /opt/lampp/htdocs/site/lv.com/vendor/lv/core/App.php. Строка: 19 
-----------------------
][ 2019-06-11 19:26:21 Текст ошибки: Страница не найдена. Файл: /opt/lampp/htdocs/site/lv.com/vendor/lv/core/Router.php. Строка: 35 
-----------------------
][ 2019-06-11 19:29:09 Текст ошибки: Страница не найдена. Файл: /opt/lampp/htdocs/site/lv.com/vendor/lv/core/Router.php. Строка: 35 
-----------------------
][ 2019-06-11 19:29:39 Текст ошибки: Страница не найдена. Файл: /opt/lampp/htdocs/site/lv.com/vendor/lv/core/Router.php. Строка: 35 
-----------------------
][ 2019-06-11 19:29:52 Текст ошибки: Страница не найдена. Файл: /opt/lampp/htdocs/site/lv.com/vendor/lv/core/Router.php. Строка: 35 
-----------------------
][ 2019-06-11 19:51:18 Текст ошибки: Undefined class constant 'route'. Файл: /opt/lampp/htdocs/site/lv.com/vendor/lv/core/Router.php. Строка: 31 
-----------------------
][ 2019-06-11 19:51:19 Текст ошибки: Undefined class constant 'route'. Файл: /opt/lampp/htdocs/site/lv.com/vendor/lv/core/Router.php. Строка: 31 
-----------------------
][ 2019-06-11 19:51:25 Текст ошибки: Undefined class constant 'route'. Файл: /opt/lampp/htdocs/site/lv.com/vendor/lv/core/Router.php. Строка: 31 
-----------------------
][ 2019-06-11 19:51:27 Текст ошибки: Undefined class constant 'route'. Файл: /opt/lampp/htdocs/site/lv.com/vendor/lv/core/Router.php. Строка: 31 
-----------------------
][ 2019-06-11 19:51:40 Текст ошибки: Undefined class constant 'route'. Файл: /opt/lampp/htdocs/site/lv.com/vendor/lv/core/Router.php. Строка: 31 
-----------------------
][ 2019-06-11 20:23:50 Текст ошибки: Контроллер app\controllers\NewController не найден. Файл: /opt/lampp/htdocs/site/lv.com/vendor/lv/core/Router.php. Строка: 37 
-----------------------
][ 2019-06-11 20:24:16 Текст ошибки: Контроллер app\controllers\NewController не найден. Файл: /opt/lampp/htdocs/site/lv.com/vendor/lv/core/Router.php. Строка: 37 
-----------------------
][ 2019-06-11 20:27:23 Текст ошибки: Контроллер app\controllers\NewController не найден. Файл: /opt/lampp/htdocs/site/lv.com/vendor/lv/core/Router.php. Строка: 43 
-----------------------
][ 2019-06-11 20:27:37 Текст ошибки: Контроллер app\controllers\MainController не найден. Файл: /opt/lampp/htdocs/site/lv.com/vendor/lv/core/Router.php. Строка: 43 
-----------------------
][ 2019-06-11 20:27:37 Текст ошибки: Контроллер app\controllers\MainController не найден. Файл: /opt/lampp/htdocs/site/lv.com/vendor/lv/core/Router.php. Строка: 43 
-----------------------
][ 2019-06-11 20:28:17 Текст ошибки: Контроллер app\controllers\MainController::indexAction не найден. Файл: /opt/lampp/htdocs/site/lv.com/vendor/lv/core/Router.php. Строка: 39 
-----------------------
][ 2019-06-11 20:30:16 Текст ошибки: Контроллер app\controllers\MainController::indexAction не найден. Файл: /opt/lampp/htdocs/site/lv.com/vendor/lv/core/Router.php. Строка: 39 
-----------------------
][ 2019-06-11 20:31:43 Текст ошибки: Контроллер app\controllers\MainController::indexAction не найден. Файл: /opt/lampp/htdocs/site/lv.com/vendor/lv/core/Router.php. Строка: 39 
-----------------------
][ 2019-06-11 20:32:16 Текст ошибки: Контроллер app\controllers\MainController::indexAction не найден. Файл: /opt/lampp/htdocs/site/lv.com/vendor/lv/core/Router.php. Строка: 39 
-----------------------
][ 2019-06-11 20:32:23 Текст ошибки: Контроллер app\controllers\MainController::indexAction не найден. Файл: /opt/lampp/htdocs/site/lv.com/vendor/lv/core/Router.php. Строка: 39 
-----------------------
][ 2019-06-12 21:23:40 Текст ошибки: Class 'AppController' not found. Файл: /opt/lampp/htdocs/site/lv.com/app/controllers/MainController.php. Строка: 4 
-----------------------
][ 2019-06-12 21:24:02 Текст ошибки: Class 'AppController' not found. Файл: /opt/lampp/htdocs/site/lv.com/app/controllers/MainController.php. Строка: 4 
-----------------------
][ 2019-06-12 21:25:23 Текст ошибки: Контроллер app\controllers\MainController не найден. Файл: /opt/lampp/htdocs/site/lv.com/vendor/lv/core/Router.php. Строка: 43 
-----------------------
][ 2019-06-13 19:51:10 Текст ошибки: syntax error, unexpected 'echo' (T_ECHO), expecting ',' or ';'. Файл: /opt/lampp/htdocs/site/lv.com/vendor/lv/core/base/View.php. Строка: 46 
-----------------------
][ 2019-06-13 20:09:07 Текст ошибки: Шаблон не найден - /opt/lampp/htdocs/site/lv.com/app/views1/layouts//default.php. Файл: /opt/lampp/htdocs/site/lv.com/vendor/lv/core/base/View.php. Строка: 47 
-----------------------
][ 2019-06-13 21:17:49 Текст ошибки: syntax error, unexpected '=>' (T_DOUBLE_ARROW), expecting ')'. Файл: /opt/lampp/htdocs/site/lv.com/app/controllers/MainController.php. Строка: 13 
-----------------------
][ 2019-06-16 00:47:50 Текст ошибки: Страница не найдена. Файл: /opt/lampp/htdocs/site/lv.com/vendor/lv/core/Router.php. Строка: 49 
-----------------------
][ 2019-06-16 02:05:30 Текст ошибки: Контроллер app\controllers\PageController не найден. Файл: /opt/lampp/htdocs/site/lv.com/vendor/lv/core/Router.php. Строка: 44 
-----------------------
][ 2019-06-16 02:05:56 Текст ошибки: Страница не найдена. Файл: /opt/lampp/htdocs/site/lv.com/vendor/lv/core/Router.php. Строка: 49 
-----------------------
][ 2019-06-16 02:06:49 Текст ошибки: Страница не найдена. Файл: /opt/lampp/htdocs/site/lv.com/vendor/lv/core/Router.php. Строка: 49 
-----------------------
][ 2019-06-16 02:07:18 Текст ошибки: Страница не найдена. Файл: /opt/lampp/htdocs/site/lv.com/vendor/lv/core/Router.php. Строка: 49 
-----------------------
][ 2019-06-16 02:07:39 Текст ошибки: Страница не найдена. Файл: /opt/lampp/htdocs/site/lv.com/vendor/lv/core/Router.php. Строка: 49 
-----------------------
][ 2019-06-16 02:08:02 Текст ошибки: Страница не найдена. Файл: /opt/lampp/htdocs/site/lv.com/vendor/lv/core/Router.php. Строка: 49 
-----------------------
][ 2019-06-16 02:08:29 Текст ошибки: Страница не найдена. Файл: /opt/lampp/htdocs/site/lv.com/vendor/lv/core/Router.php. Строка: 49 
-----------------------
][ 2019-06-16 02:10:37 Текст ошибки: Контроллер app\controllers\PageController не найден. Файл: /opt/lampp/htdocs/site/lv.com/vendor/lv/core/Router.php. Строка: 44 
-----------------------
][ 2019-06-16 02:13:51 Текст ошибки: Не найден вид - view. Файл: /opt/lampp/htdocs/site/lv.com/vendor/lv/core/base/View.php. Строка: 45 
-----------------------
][ 2019-06-16 14:28:29 Текст ошибки: Нет соеденения с базой данных. Файл: /opt/lampp/htdocs/site/lv.com/vendor/lv/core/Db.php. Строка: 20 
-----------------------
][ 2019-06-16 14:29:22 Текст ошибки: Нет соеденения с базой данных. Файл: /opt/lampp/htdocs/site/lv.com/vendor/lv/core/Db.php. Строка: 21 
-----------------------
][ 2019-06-16 14:29:30 Текст ошибки: Нет соеденения с базой данных. Файл: /opt/lampp/htdocs/site/lv.com/vendor/lv/core/Db.php. Строка: 21 
-----------------------
][ 2019-06-16 14:31:59 Текст ошибки: Unsupported database ().. Файл: /opt/lampp/htdocs/site/lv.com/vendor/gabordemooij/redbean/RedBeanPHP/Facade.php. Строка: 383 
-----------------------
][ 2019-06-16 14:32:29 Текст ошибки: Нет соеденения с базой данных. Файл: /opt/lampp/htdocs/site/lv.com/vendor/lv/core/Db.php. Строка: 21 
-----------------------
][ 2019-06-16 14:32:40 Текст ошибки: Нет соеденения с базой данных. Файл: /opt/lampp/htdocs/site/lv.com/vendor/lv/core/Db.php. Строка: 21 
-----------------------
][ 2019-06-16 14:34:28 Текст ошибки: syntax error, unexpected ''ok, database good'' (T_CONSTANT_ENCAPSED_STRING). Файл: /opt/lampp/htdocs/site/lv.com/vendor/lv/core/Db.php. Строка: 24 
-----------------------
][ 2019-06-16 14:34:37 Текст ошибки: syntax error, unexpected ''ok, database good'' (T_CONSTANT_ENCAPSED_STRING). Файл: /opt/lampp/htdocs/site/lv.com/vendor/lv/core/Db.php. Строка: 24 
-----------------------
][ 2019-06-16 20:19:07 Текст ошибки: Class 'R' not found. Файл: /opt/lampp/htdocs/site/lv.com/app/controllers/MainController.php. Строка: 12 
-----------------------
][ 2019-06-16 20:19:16 Текст ошибки: Class 'app\controllers\R' not found. Файл: /opt/lampp/htdocs/site/lv.com/app/controllers/MainController.php. Строка: 12 
-----------------------
][ 2019-06-16 20:22:26 Текст ошибки: Class 'app\controllers\R' not found. Файл: /opt/lampp/htdocs/site/lv.com/app/controllers/MainController.php. Строка: 12 
-----------------------
][ 2019-06-16 20:22:27 Текст ошибки: Class 'app\controllers\R' not found. Файл: /opt/lampp/htdocs/site/lv.com/app/controllers/MainController.php. Строка: 12 
-----------------------
][ 2019-06-16 20:22:28 Текст ошибки: Class 'app\controllers\R' not found. Файл: /opt/lampp/htdocs/site/lv.com/app/controllers/MainController.php. Строка: 12 
-----------------------
][ 2019-06-16 20:22:28 Текст ошибки: Class 'app\controllers\R' not found. Файл: /opt/lampp/htdocs/site/lv.com/app/controllers/MainController.php. Строка: 12 
-----------------------
][ 2019-06-16 20:22:28 Текст ошибки: Class 'app\controllers\R' not found. Файл: /opt/lampp/htdocs/site/lv.com/app/controllers/MainController.php. Строка: 12 
-----------------------
][ 2019-06-16 20:22:29 Текст ошибки: Class 'app\controllers\R' not found. Файл: /opt/lampp/htdocs/site/lv.com/app/controllers/MainController.php. Строка: 12 
-----------------------
][ 2019-06-16 20:24:07 Текст ошибки: Class 'app\controllers\R' not found. Файл: /opt/lampp/htdocs/site/lv.com/app/controllers/MainController.php. Строка: 12 
-----------------------
][ 2019-06-16 20:24:58 Текст ошибки: Class 'lv\R' not found. Файл: /opt/lampp/htdocs/site/lv.com/vendor/lv/core/Db.php. Строка: 16 
-----------------------
][ 2019-06-16 20:25:05 Текст ошибки: Class 'lv\R' not found. Файл: /opt/lampp/htdocs/site/lv.com/vendor/lv/core/Db.php. Строка: 16 
-----------------------
][ 2019-06-16 20:25:06 Текст ошибки: Class 'lv\R' not found. Файл: /opt/lampp/htdocs/site/lv.com/vendor/lv/core/Db.php. Строка: 16 
-----------------------
][ 2019-06-16 20:25:06 Текст ошибки: Class 'lv\R' not found. Файл: /opt/lampp/htdocs/site/lv.com/vendor/lv/core/Db.php. Строка: 16 
-----------------------
][ 2019-06-16 20:26:28 Текст ошибки: Class 'lv\R' not found. Файл: /opt/lampp/htdocs/site/lv.com/vendor/lv/core/Db.php. Строка: 16 
-----------------------
][ 2019-06-16 20:28:10 Текст ошибки: Class 'lv\R' not found. Файл: /opt/lampp/htdocs/site/lv.com/vendor/lv/core/Db.php. Строка: 19 
-----------------------
][ 2019-06-16 20:28:11 Текст ошибки: Class 'lv\R' not found. Файл: /opt/lampp/htdocs/site/lv.com/vendor/lv/core/Db.php. Строка: 19 
-----------------------
][ 2019-06-16 20:28:11 Текст ошибки: Class 'lv\R' not found. Файл: /opt/lampp/htdocs/site/lv.com/vendor/lv/core/Db.php. Строка: 19 
-----------------------
][ 2019-06-16 20:28:12 Текст ошибки: Class 'lv\R' not found. Файл: /opt/lampp/htdocs/site/lv.com/vendor/lv/core/Db.php. Строка: 19 
-----------------------
][ 2019-06-16 20:28:12 Текст ошибки: Class 'lv\R' not found. Файл: /opt/lampp/htdocs/site/lv.com/vendor/lv/core/Db.php. Строка: 19 
-----------------------
][ 2019-06-16 20:46:09 Текст ошибки: Call to a member function grep() on null. Файл: /opt/lampp/htdocs/site/lv.com/app/views/layouts/default.php. Строка: 15 
-----------------------
]